<?xml version="1.0" encoding="UTF-8"?>
<!-- Generated by org.testng.reporters.JUnitXMLReporter -->
<testsuite hostname="MacBook-Pro.local" ignored="0" name="Default test" tests="6" failures="0" timestamp="01 Apr 2020 03:14:44 GMT" time="1.723" errors="0">
  <testcase name="checkCapitalCodeForValidData" time="1.02" classname="sampletest.sample_test.AppTest"/>
  <testcase name="checkCapitalCodeForInvalidData" time="0.12" classname="sampletest.sample_test.AppTest"/>
  <testcase name="checkCapitalCodeForEmptyData" time="0.126" classname="sampletest.sample_test.AppTest"/>
  <testcase name="checkCapitalNameForValidData" time="0.14" classname="sampletest.sample_test.AppTest"/>
  <testcase name="checkCapitalNameForInvalidData" time="0.156" classname="sampletest.sample_test.AppTest"/>
  <testcase name="checkCapitalNameForEmptyData" time="0.142" classname="sampletest.sample_test.AppTest"/>
</testsuite> <!-- Default test -->
