<?xml version="1.0" encoding="UTF-8"?>
<testng-results skipped="0" failed="0" ignored="0" total="6" passed="6">
  <reporter-output>
  </reporter-output>
  <suite name="Default suite" duration-ms="1723" started-at="2020-04-01T03:14:43Z" finished-at="2020-04-01T03:14:44Z">
    <groups>
    </groups>
    <test name="Default test" duration-ms="1723" started-at="2020-04-01T03:14:43Z" finished-at="2020-04-01T03:14:44Z">
      <class name="sampletest.sample_test.AppTest">
        <test-method status="PASS" signature="checkCapitalCodeForValidData()[pri:0, instance:sampletest.sample_test.AppTest@3532ec19]" name="checkCapitalCodeForValidData" duration-ms="1020" started-at="2020-04-01T03:14:43Z" finished-at="2020-04-01T03:14:44Z">
          <reporter-output>
          </reporter-output>
        </test-method> <!-- checkCapitalCodeForValidData -->
        <test-method status="PASS" signature="checkCapitalCodeForInvalidData()[pri:1, instance:sampletest.sample_test.AppTest@3532ec19]" name="checkCapitalCodeForInvalidData" duration-ms="120" started-at="2020-04-01T03:14:44Z" finished-at="2020-04-01T03:14:44Z">
          <reporter-output>
          </reporter-output>
        </test-method> <!-- checkCapitalCodeForInvalidData -->
        <test-method status="PASS" signature="checkCapitalCodeForEmptyData()[pri:2, instance:sampletest.sample_test.AppTest@3532ec19]" name="checkCapitalCodeForEmptyData" duration-ms="126" started-at="2020-04-01T03:14:44Z" finished-at="2020-04-01T03:14:44Z">
          <reporter-output>
          </reporter-output>
        </test-method> <!-- checkCapitalCodeForEmptyData -->
        <test-method status="PASS" signature="checkCapitalNameForValidData()[pri:3, instance:sampletest.sample_test.AppTest@3532ec19]" name="checkCapitalNameForValidData" duration-ms="140" started-at="2020-04-01T03:14:44Z" finished-at="2020-04-01T03:14:44Z">
          <reporter-output>
          </reporter-output>
        </test-method> <!-- checkCapitalNameForValidData -->
        <test-method status="PASS" signature="checkCapitalNameForInvalidData()[pri:4, instance:sampletest.sample_test.AppTest@3532ec19]" name="checkCapitalNameForInvalidData" duration-ms="156" started-at="2020-04-01T03:14:44Z" finished-at="2020-04-01T03:14:44Z">
          <reporter-output>
          </reporter-output>
        </test-method> <!-- checkCapitalNameForInvalidData -->
        <test-method status="PASS" signature="checkCapitalNameForEmptyData()[pri:5, instance:sampletest.sample_test.AppTest@3532ec19]" name="checkCapitalNameForEmptyData" duration-ms="142" started-at="2020-04-01T03:14:44Z" finished-at="2020-04-01T03:14:44Z">
          <reporter-output>
          </reporter-output>
        </test-method> <!-- checkCapitalNameForEmptyData -->
      </class> <!-- sampletest.sample_test.AppTest -->
    </test> <!-- Default test -->
  </suite> <!-- Default suite -->
</testng-results>
